This file contains any messages produced by compilers while
running configure, to aid debugging if configure makes a mistake.

It was created by minidjvu configure 0.8, which was
generated by GNU Autoconf 2.63.  Invocation command line was

  $ ./configure 

## --------- ##
## Platform. ##
## --------- ##

hostname = lebed-laptop
uname -m = i686
uname -r = 2.6.32-40-generic
uname -s = Linux
uname -v = #87-Ubuntu SMP Mon Mar 5 20:26:31 UTC 2012

/usr/bin/uname -p = unknown
/bin/uname -X     = unknown

/bin/arch              = unknown
/usr/bin/arch -k       = unknown
/usr/convex/getsysinfo = unknown
/usr/bin/hostinfo      = unknown
/bin/machine           = unknown
/usr/bin/oslevel       = unknown
/bin/universe          = unknown

PATH: /usr/local/sbin
PATH: /usr/local/bin
PATH: /usr/sbin
PATH: /usr/bin
PATH: /sbin
PATH: /bin
PATH: /usr/games
PATH: /usr/local/bin
PATH: /home/lebed/djvu/emscripten


## ----------- ##
## Core tests. ##
## ----------- ##

configure:2053: checking build system type
configure:2071: result: i686-pc-linux-gnu
configure:2093: checking host system type
configure:2108: result: i686-pc-linux-gnu
configure:2136: checking if we are building for Windows
configure:2147: result: no
configure:2211: checking whether make sets $(MAKE)
configure:2233: result: yes
configure:2354: checking for C++ compiler version
configure:2362: /home/lebed/djvu/emscripten/em++ --version >&5
emcc (Emscripten GCC-like replacement) 2.0
Copyright (C) 2011 the Emscripten authors.
This is free and open source software under the MIT license.
There is NO warranty; not even for MERCHANTABILITY or FITNESS FOR A PARTICULAR PURPOSE.
  
configure:2366: $? = 0
configure:2373: /home/lebed/djvu/emscripten/em++ -v >&5
clang version 3.1 (http://llvm.org/git/clang.git f33d549b16a4d2f7325a099eee0ab7ee50c9528f) (http://llvm.org/git/llvm.git bf596c9c61c8d9ad6e69ead78555902d569c650a)
Target: i386-pc-linux-gnu
Thread model: posix
clang: warning: argument unused during compilation: '-nostdinc'
clang: warning: argument unused during compilation: '-nostdinc++'
clang: warning: argument unused during compilation: '-Xclang -nobuiltininc'
clang: warning: argument unused during compilation: '-Xclang -nostdinc++'
clang: warning: argument unused during compilation: '-Xclang -nostdsysteminc'
clang: warning: argument unused during compilation: '-Xclang -isystem/home/lebed/djvu/emscripten/system/include'
clang: warning: argument unused during compilation: '-Xclang -isystem/home/lebed/djvu/emscripten/system/include/bsd'
clang: warning: argument unused during compilation: '-Xclang -isystem/home/lebed/djvu/emscripten/system/include/libc'
clang: warning: argument unused during compilation: '-Xclang -isystem/home/lebed/djvu/emscripten/system/include/libcxx'
clang: warning: argument unused during compilation: '-Xclang -isystem/home/lebed/djvu/emscripten/system/include/gfx'
clang: warning: argument unused during compilation: '-Xclang -isystem/home/lebed/djvu/emscripten/system/include/net'
clang: warning: argument unused during compilation: '-Xclang -isystem/home/lebed/djvu/emscripten/system/include/SDL'
clang: warning: argument unused during compilation: '-U __APPLE__'
clang: warning: argument unused during compilation: '-D EMSCRIPTEN'
configure:2377: $? = 0
configure:2384: /home/lebed/djvu/emscripten/em++ -V >&5
clang: error: argument to '-V' is missing (expected 1 value)
clang: error: no input files
configure:2388: $? = 1
configure:2411: checking for C++ compiler default output file name
configure:2433: /home/lebed/djvu/emscripten/em++    conftest.cpp  >&5
configure:2437: $? = 0
configure:2475: result: a.out
configure:2494: checking whether the C++ compiler works
configure:2504: ./a.out
configure:2508: $? = 0
configure:2527: result: yes
configure:2534: checking whether we are cross compiling
configure:2536: result: no
configure:2539: checking for suffix of executables
configure:2546: /home/lebed/djvu/emscripten/em++ -o conftest    conftest.cpp  >&5
configure:2550: $? = 0
configure:2576: result: 
configure:2582: checking for suffix of object files
configure:2608: /home/lebed/djvu/emscripten/em++ -c   conftest.cpp >&5
configure:2612: $? = 0
configure:2637: result: o
configure:2641: checking whether we are using the GNU C++ compiler
configure:2670: /home/lebed/djvu/emscripten/em++ -c   conftest.cpp >&5
configure:2677: $? = 0
configure:2694: result: yes
configure:2703: checking whether /home/lebed/djvu/emscripten/em++ accepts -g
configure:2733: /home/lebed/djvu/emscripten/em++ -c -g  conftest.cpp >&5
configure:2740: $? = 0
configure:2841: result: yes
configure:2912: checking for gcc
configure:2939: result: /home/lebed/djvu/emscripten/emcc
configure:3171: checking for C compiler version
configure:3179: /home/lebed/djvu/emscripten/emcc --version >&5
emcc (Emscripten GCC-like replacement) 2.0
Copyright (C) 2011 the Emscripten authors.
This is free and open source software under the MIT license.
There is NO warranty; not even for MERCHANTABILITY or FITNESS FOR A PARTICULAR PURPOSE.
  
configure:3183: $? = 0
configure:3190: /home/lebed/djvu/emscripten/emcc -v >&5
clang version 3.1 (http://llvm.org/git/clang.git f33d549b16a4d2f7325a099eee0ab7ee50c9528f) (http://llvm.org/git/llvm.git bf596c9c61c8d9ad6e69ead78555902d569c650a)
Target: i386-pc-linux-gnu
Thread model: posix
clang: warning: argument unused during compilation: '-nostdinc'
clang: warning: argument unused during compilation: '-nostdinc++'
clang: warning: argument unused during compilation: '-Xclang -nobuiltininc'
clang: warning: argument unused during compilation: '-Xclang -nostdinc++'
clang: warning: argument unused during compilation: '-Xclang -nostdsysteminc'
clang: warning: argument unused during compilation: '-Xclang -isystem/home/lebed/djvu/emscripten/system/include'
clang: warning: argument unused during compilation: '-Xclang -isystem/home/lebed/djvu/emscripten/system/include/bsd'
clang: warning: argument unused during compilation: '-Xclang -isystem/home/lebed/djvu/emscripten/system/include/libc'
clang: warning: argument unused during compilation: '-Xclang -isystem/home/lebed/djvu/emscripten/system/include/libcxx'
clang: warning: argument unused during compilation: '-Xclang -isystem/home/lebed/djvu/emscripten/system/include/gfx'
clang: warning: argument unused during compilation: '-Xclang -isystem/home/lebed/djvu/emscripten/system/include/net'
clang: warning: argument unused during compilation: '-Xclang -isystem/home/lebed/djvu/emscripten/system/include/SDL'
clang: warning: argument unused during compilation: '-U __APPLE__'
clang: warning: argument unused during compilation: '-D EMSCRIPTEN'
configure:3194: $? = 0
configure:3201: /home/lebed/djvu/emscripten/emcc -V >&5
clang: error: argument to '-V' is missing (expected 1 value)
clang: error: no input files
configure:3205: $? = 1
configure:3208: checking whether we are using the GNU C compiler
configure:3237: /home/lebed/djvu/emscripten/emcc -c   conftest.c >&5
clang: warning: argument unused during compilation: '-nostdinc++'
configure:3244: $? = 0
configure:3261: result: yes
configure:3270: checking whether /home/lebed/djvu/emscripten/emcc accepts -g
configure:3300: /home/lebed/djvu/emscripten/emcc -c -g  conftest.c >&5
clang: warning: argument unused during compilation: '-nostdinc++'
configure:3307: $? = 0
configure: failed program was:
| /* confdefs.h.  */
| #define PACKAGE_NAME "minidjvu"
| #define PACKAGE_TARNAME "minidjvu"
| #define PACKAGE_VERSION "0.8"
| #define PACKAGE_STRING "minidjvu 0.8"
| #define PACKAGE_BUGREPORT "alexios@thessalonica.org.ru"
| /* end confdefs.h.  */
| 
| int
| main ()
| {
| 
|   ;
|   return 0;
| }
configure:3339: /home/lebed/djvu/emscripten/emcc -c   conftest.c >&5
clang: warning: argument unused during compilation: '-nostdinc++'
configure:3346: $? = 0
configure: failed program was:
| /* confdefs.h.  */
| #define PACKAGE_NAME "minidjvu"
| #define PACKAGE_TARNAME "minidjvu"
| #define PACKAGE_VERSION "0.8"
| #define PACKAGE_STRING "minidjvu 0.8"
| #define PACKAGE_BUGREPORT "alexios@thessalonica.org.ru"
| /* end confdefs.h.  */
| 
| int
| main ()
| {
| 
|   ;
|   return 0;
| }
configure:3379: /home/lebed/djvu/emscripten/emcc -c -g  conftest.c >&5
clang: warning: argument unused during compilation: '-nostdinc++'
configure:3386: $? = 0
configure:3408: result: yes
configure:3425: checking for /home/lebed/djvu/emscripten/emcc option to accept ISO C89
configure:3499: /home/lebed/djvu/emscripten/emcc  -c   conftest.c >&5
clang: warning: argument unused during compilation: '-nostdinc++'
configure:3506: $? = 0
configure:3529: result: none needed
configure:3572: checking for a sed that does not truncate output
configure:3638: result: /bin/sed
configure:3656: checking for grep that handles long lines and -e
configure:3716: result: /bin/grep
configure:3721: checking for egrep
configure:3785: result: /bin/grep -E
configure:3790: checking for fgrep
configure:3854: result: /bin/grep -F
configure:3889: checking for ld used by /home/lebed/djvu/emscripten/emcc
configure:3956: result: /usr/bin/ld
configure:3965: checking if the linker (/usr/bin/ld) is GNU ld
configure:3980: result: yes
configure:3992: checking for BSD- or MS-compatible name lister (nm)
configure:4041: result: /usr/bin/nm -B
configure:4159: checking the name lister (/usr/bin/nm -B) interface
configure:4165: /home/lebed/djvu/emscripten/emcc -c   conftest.c >&5
clang: warning: argument unused during compilation: '-nostdinc++'
configure:4168: /usr/bin/nm -B "conftest.o"
configure:4171: output
00000000 B some_variable
configure:4179: result: BSD nm
configure:4182: checking whether ln -s works
configure:4186: result: yes
configure:4194: checking the maximum length of command line arguments
configure:4314: result: 1572864
configure:4331: checking whether the shell understands some XSI constructs
configure:4341: result: yes
configure:4345: checking whether the shell understands "+="
configure:4351: result: yes
configure:4386: checking for /usr/bin/ld option to reload object files
configure:4393: result: -r
configure:4462: checking for objdump
configure:4478: found /usr/bin/objdump
configure:4489: result: objdump
configure:4521: checking how to recognize dependent libraries
configure:4717: result: pass_all
configure:4777: checking for ar
configure:4804: result: /home/lebed/djvu/emscripten/emar
configure:4882: checking for strip
configure:4898: found /usr/bin/strip
configure:4909: result: strip
configure:4981: checking for ranlib
configure:5008: result: /home/lebed/djvu/emscripten/emranlib
configure:5098: checking command to parse /usr/bin/nm -B output from /home/lebed/djvu/emscripten/emcc object
configure:5216: /home/lebed/djvu/emscripten/emcc -c   conftest.c >&5
clang: warning: argument unused during compilation: '-nostdinc++'
configure:5219: $? = 0
configure:5223: /usr/bin/nm -B conftest.o \| sed -n -e 's/^.*[	 ]\([ABCDGIRSTW][ABCDGIRSTW]*\)[	 ][	 ]*\([_A-Za-z][_A-Za-z0-9]*\)$/\1 \2 \2/p' \> conftest.nm
configure:5226: $? = 0
configure:5280: /home/lebed/djvu/emscripten/emcc -o conftest    conftest.c conftstm.o >&5
clang: warning: argument unused during compilation: '-nostdinc++'
configure:5283: $? = 0
configure:5321: result: ok
configure:6188: checking how to run the C preprocessor
configure:6228: /home/lebed/djvu/emscripten/emcc -E  conftest.c
clang: warning: argument unused during compilation: '-nostdinc++'
configure:6235: $? = 0
configure:6266: /home/lebed/djvu/emscripten/emcc -E  conftest.c
clang: warning: argument unused during compilation: '-nostdinc++'
conftest.c:8:10: fatal error: 'ac_nonexistent.h' file not found
#include <ac_nonexistent.h>
         ^
1 error generated.
configure:6273: $? = 1
configure: failed program was:
| /* confdefs.h.  */
| #define PACKAGE_NAME "minidjvu"
| #define PACKAGE_TARNAME "minidjvu"
| #define PACKAGE_VERSION "0.8"
| #define PACKAGE_STRING "minidjvu 0.8"
| #define PACKAGE_BUGREPORT "alexios@thessalonica.org.ru"
| /* end confdefs.h.  */
| #include <ac_nonexistent.h>
configure:6306: result: /home/lebed/djvu/emscripten/emcc -E
configure:6335: /home/lebed/djvu/emscripten/emcc -E  conftest.c
clang: warning: argument unused during compilation: '-nostdinc++'
configure:6342: $? = 0
configure:6373: /home/lebed/djvu/emscripten/emcc -E  conftest.c
clang: warning: argument unused during compilation: '-nostdinc++'
conftest.c:8:10: fatal error: 'ac_nonexistent.h' file not found
#include <ac_nonexistent.h>
         ^
1 error generated.
configure:6380: $? = 1
configure: failed program was:
| /* confdefs.h.  */
| #define PACKAGE_NAME "minidjvu"
| #define PACKAGE_TARNAME "minidjvu"
| #define PACKAGE_VERSION "0.8"
| #define PACKAGE_STRING "minidjvu 0.8"
| #define PACKAGE_BUGREPORT "alexios@thessalonica.org.ru"
| /* end confdefs.h.  */
| #include <ac_nonexistent.h>
configure:6420: checking for ANSI C header files
configure:6450: /home/lebed/djvu/emscripten/emcc -c   conftest.c >&5
clang: warning: argument unused during compilation: '-nostdinc++'
configure:6457: $? = 0
clang: warning: argument unused during compilation: '-nostdinc++'
clang: warning: argument unused during compilation: '-nostdinc++'
configure:6556: /home/lebed/djvu/emscripten/emcc -o conftest    conftest.c  >&5
clang: warning: argument unused during compilation: '-nostdinc++'
configure:6560: $? = 0
configure:6566: ./conftest
configure:6570: $? = 0
configure:6588: result: yes
configure:6612: checking for sys/types.h
configure:6633: /home/lebed/djvu/emscripten/emcc -c   conftest.c >&5
clang: warning: argument unused during compilation: '-nostdinc++'
configure:6640: $? = 0
configure:6657: result: yes
configure:6612: checking for sys/stat.h
configure:6633: /home/lebed/djvu/emscripten/emcc -c   conftest.c >&5
clang: warning: argument unused during compilation: '-nostdinc++'
configure:6640: $? = 0
configure:6657: result: yes
configure:6612: checking for stdlib.h
configure:6633: /home/lebed/djvu/emscripten/emcc -c   conftest.c >&5
clang: warning: argument unused during compilation: '-nostdinc++'
configure:6640: $? = 0
configure:6657: result: yes
configure:6612: checking for string.h
configure:6633: /home/lebed/djvu/emscripten/emcc -c   conftest.c >&5
clang: warning: argument unused during compilation: '-nostdinc++'
configure:6640: $? = 0
configure:6657: result: yes
configure:6612: checking for memory.h
configure:6633: /home/lebed/djvu/emscripten/emcc -c   conftest.c >&5
clang: warning: argument unused during compilation: '-nostdinc++'
configure:6640: $? = 0
configure:6657: result: yes
configure:6612: checking for strings.h
configure:6633: /home/lebed/djvu/emscripten/emcc -c   conftest.c >&5
clang: warning: argument unused during compilation: '-nostdinc++'
configure:6640: $? = 0
configure:6657: result: yes
configure:6612: checking for inttypes.h
configure:6633: /home/lebed/djvu/emscripten/emcc -c   conftest.c >&5
clang: warning: argument unused during compilation: '-nostdinc++'
configure:6640: $? = 0
configure:6657: result: yes
configure:6612: checking for stdint.h
configure:6633: /home/lebed/djvu/emscripten/emcc -c   conftest.c >&5
clang: warning: argument unused during compilation: '-nostdinc++'
configure:6640: $? = 0
configure:6657: result: yes
configure:6612: checking for unistd.h
configure:6633: /home/lebed/djvu/emscripten/emcc -c   conftest.c >&5
clang: warning: argument unused during compilation: '-nostdinc++'
configure:6640: $? = 0
configure:6657: result: yes
configure:6675: checking for dlfcn.h
configure:6696: /home/lebed/djvu/emscripten/emcc -c   conftest.c >&5
clang: warning: argument unused during compilation: '-nostdinc++'
configure:6703: $? = 0
configure:6720: result: yes
configure:6847: checking for C++ compiler version
configure:6855: /home/lebed/djvu/emscripten/em++ --version >&5
emcc (Emscripten GCC-like replacement) 2.0
Copyright (C) 2011 the Emscripten authors.
This is free and open source software under the MIT license.
There is NO warranty; not even for MERCHANTABILITY or FITNESS FOR A PARTICULAR PURPOSE.
  
configure:6859: $? = 0
configure:6866: /home/lebed/djvu/emscripten/em++ -v >&5
clang version 3.1 (http://llvm.org/git/clang.git f33d549b16a4d2f7325a099eee0ab7ee50c9528f) (http://llvm.org/git/llvm.git bf596c9c61c8d9ad6e69ead78555902d569c650a)
Target: i386-pc-linux-gnu
Thread model: posix
clang: warning: argument unused during compilation: '-nostdinc'
clang: warning: argument unused during compilation: '-nostdinc++'
clang: warning: argument unused during compilation: '-Xclang -nobuiltininc'
clang: warning: argument unused during compilation: '-Xclang -nostdinc++'
clang: warning: argument unused during compilation: '-Xclang -nostdsysteminc'
clang: warning: argument unused during compilation: '-Xclang -isystem/home/lebed/djvu/emscripten/system/include'
clang: warning: argument unused during compilation: '-Xclang -isystem/home/lebed/djvu/emscripten/system/include/bsd'
clang: warning: argument unused during compilation: '-Xclang -isystem/home/lebed/djvu/emscripten/system/include/libc'
clang: warning: argument unused during compilation: '-Xclang -isystem/home/lebed/djvu/emscripten/system/include/libcxx'
clang: warning: argument unused during compilation: '-Xclang -isystem/home/lebed/djvu/emscripten/system/include/gfx'
clang: warning: argument unused during compilation: '-Xclang -isystem/home/lebed/djvu/emscripten/system/include/net'
clang: warning: argument unused during compilation: '-Xclang -isystem/home/lebed/djvu/emscripten/system/include/SDL'
clang: warning: argument unused during compilation: '-U __APPLE__'
clang: warning: argument unused during compilation: '-D EMSCRIPTEN'
configure:6870: $? = 0
configure:6877: /home/lebed/djvu/emscripten/em++ -V >&5
clang: error: argument to '-V' is missing (expected 1 value)
clang: error: no input files
configure:6881: $? = 1
configure:6884: checking whether we are using the GNU C++ compiler
configure:6937: result: yes
configure:6946: checking whether /home/lebed/djvu/emscripten/em++ accepts -g
configure:7084: result: yes
configure:7115: checking how to run the C++ preprocessor
configure:7151: /home/lebed/djvu/emscripten/em++ -E  conftest.cpp
configure:7158: $? = 0
configure:7189: /home/lebed/djvu/emscripten/em++ -E  conftest.cpp
conftest.cpp:19:10: fatal error: 'ac_nonexistent.h' file not found
#include <ac_nonexistent.h>
         ^
1 error generated.
configure:7196: $? = 1
configure: failed program was:
| /* confdefs.h.  */
| #define PACKAGE_NAME "minidjvu"
| #define PACKAGE_TARNAME "minidjvu"
| #define PACKAGE_VERSION "0.8"
| #define PACKAGE_STRING "minidjvu 0.8"
| #define PACKAGE_BUGREPORT "alexios@thessalonica.org.ru"
| #define STDC_HEADERS 1
| #define HAVE_SYS_TYPES_H 1
| #define HAVE_SYS_STAT_H 1
| #define HAVE_STDLIB_H 1
| #define HAVE_STRING_H 1
| #define HAVE_MEMORY_H 1
| #define HAVE_STRINGS_H 1
| #define HAVE_INTTYPES_H 1
| #define HAVE_STDINT_H 1
| #define HAVE_UNISTD_H 1
| #define HAVE_DLFCN_H 1
| /* end confdefs.h.  */
| #include <ac_nonexistent.h>
configure:7229: result: /home/lebed/djvu/emscripten/em++ -E
configure:7258: /home/lebed/djvu/emscripten/em++ -E  conftest.cpp
configure:7265: $? = 0
configure:7296: /home/lebed/djvu/emscripten/em++ -E  conftest.cpp
conftest.cpp:19:10: fatal error: 'ac_nonexistent.h' file not found
#include <ac_nonexistent.h>
         ^
1 error generated.
configure:7303: $? = 1
configure: failed program was:
| /* confdefs.h.  */
| #define PACKAGE_NAME "minidjvu"
| #define PACKAGE_TARNAME "minidjvu"
| #define PACKAGE_VERSION "0.8"
| #define PACKAGE_STRING "minidjvu 0.8"
| #define PACKAGE_BUGREPORT "alexios@thessalonica.org.ru"
| #define STDC_HEADERS 1
| #define HAVE_SYS_TYPES_H 1
| #define HAVE_SYS_STAT_H 1
| #define HAVE_STDLIB_H 1
| #define HAVE_STRING_H 1
| #define HAVE_MEMORY_H 1
| #define HAVE_STRINGS_H 1
| #define HAVE_INTTYPES_H 1
| #define HAVE_STDINT_H 1
| #define HAVE_UNISTD_H 1
| #define HAVE_DLFCN_H 1
| /* end confdefs.h.  */
| #include <ac_nonexistent.h>
configure:7517: checking for objdir
configure:7532: result: .libs
configure:7824: checking if /home/lebed/djvu/emscripten/emcc supports -fno-rtti -fno-exceptions
configure:7841: /home/lebed/djvu/emscripten/emcc -c   -fno-rtti -fno-exceptions conftest.c >&5
clang: warning: argument unused during compilation: '-nostdinc++'
configure:7845: $? = 0
configure:7859: result: yes
configure:7879: checking for /home/lebed/djvu/emscripten/emcc option to produce PIC
configure:8151: result: -fPIC -DPIC
configure:8163: checking if /home/lebed/djvu/emscripten/emcc PIC flag -fPIC -DPIC works
configure:8180: /home/lebed/djvu/emscripten/emcc -c   -fPIC -DPIC -DPIC conftest.c >&5
clang: warning: argument unused during compilation: '-nostdinc++'
configure:8184: $? = 0
configure:8198: result: yes
configure:8222: checking if /home/lebed/djvu/emscripten/emcc static flag -static works
clang: warning: argument unused during compilation: '-nostdinc++'
configure:8250: result: yes
configure:8265: checking if /home/lebed/djvu/emscripten/emcc supports -c -o file.o
configure:8285: /home/lebed/djvu/emscripten/emcc -c   -o out/conftest2.o conftest.c >&5
clang: warning: argument unused during compilation: '-nostdinc++'
configure:8289: $? = 0
configure:8312: result: yes
configure:8320: checking if /home/lebed/djvu/emscripten/emcc supports -c -o file.o
configure:8367: result: yes
configure:8400: checking whether the /home/lebed/djvu/emscripten/emcc linker (/usr/bin/ld) supports shared libraries
configure:9474: result: yes
configure:9511: checking whether -lc should be explicitly linked in
configure:9516: /home/lebed/djvu/emscripten/emcc -c   conftest.c >&5
clang: warning: argument unused during compilation: '-nostdinc++'
configure:9519: $? = 0
configure:9534: /home/lebed/djvu/emscripten/emcc -shared conftest.o  -v -Wl,-soname -Wl,conftest -o conftest 2\>\&1 \| /bin/grep  -lc  \>/dev/null 2\>\&1
configure:9537: $? = 0
configure:9549: result: no
configure:9713: checking dynamic linker characteristics
configure:10156: /home/lebed/djvu/emscripten/emcc -o conftest    -Wl,-rpath -Wl,/foo conftest.c  >&5
clang: warning: argument unused during compilation: '-nostdinc++'
configure:10163: $? = 0
configure:10396: result: GNU/Linux ld.so
configure:10498: checking how to hardcode library paths into programs
configure:10523: result: immediate
configure:11356: checking whether stripping libraries is possible
configure:11361: result: yes
configure:11396: checking if libtool supports shared libraries
configure:11398: result: yes
configure:11401: checking whether to build shared libraries
configure:11422: result: yes
configure:11425: checking whether to build static libraries
configure:11429: result: yes
configure:11579: checking for ld used by /home/lebed/djvu/emscripten/em++
configure:11646: result: /usr/bin/ld
configure:11655: checking if the linker (/usr/bin/ld) is GNU ld
configure:11670: result: yes
configure:11725: checking whether the /home/lebed/djvu/emscripten/em++ linker (/usr/bin/ld) supports shared libraries
configure:12700: result: yes
configure:12728: /home/lebed/djvu/emscripten/em++ -c -g -O2  conftest.cpp >&5
configure:12731: $? = 0
configure:12913: checking for /home/lebed/djvu/emscripten/em++ option to produce PIC
configure:13230: result: -fPIC -DPIC
configure:13239: checking if /home/lebed/djvu/emscripten/em++ PIC flag -fPIC -DPIC works
configure:13256: /home/lebed/djvu/emscripten/em++ -c -g -O2  -fPIC -DPIC -DPIC conftest.cpp >&5
configure:13260: $? = 0
configure:13274: result: yes
configure:13295: checking if /home/lebed/djvu/emscripten/em++ static flag -static works
configure:13323: result: yes
configure:13335: checking if /home/lebed/djvu/emscripten/em++ supports -c -o file.o
configure:13355: /home/lebed/djvu/emscripten/em++ -c -g -O2  -o out/conftest2.o conftest.cpp >&5
configure:13359: $? = 0
configure:13382: result: yes
configure:13387: checking if /home/lebed/djvu/emscripten/em++ supports -c -o file.o
configure:13434: result: yes
configure:13464: checking whether the /home/lebed/djvu/emscripten/em++ linker (/usr/bin/ld) supports shared libraries
configure:13490: result: yes
configure:13627: checking dynamic linker characteristics
configure:14018: /home/lebed/djvu/emscripten/em++ -o conftest -g -O2   -Wl,-rpath -Wl,/foo conftest.cpp  >&5
configure:14025: $? = 0
configure:14258: result: GNU/Linux ld.so
configure:14309: checking how to hardcode library paths into programs
configure:14334: result: immediate
configure:14406: checking for a BSD-compatible install
configure:14474: result: /usr/bin/install -c
configure:14487: checking for rm
configure:14505: found /bin/rm
configure:14517: result: /bin/rm
configure:14530: checking for inflate in -lz
configure:14565: /home/lebed/djvu/emscripten/emcc -o conftest    conftest.c -lz   >&5
clang: warning: argument unused during compilation: '-nostdinc++'
configure:14572: $? = 0
configure:14593: result: yes
configure:14601: checking for jpeg_destroy_decompress in -ljpeg
configure:14636: /home/lebed/djvu/emscripten/emcc -o conftest    conftest.c -ljpeg   >&5
clang: warning: argument unused during compilation: '-nostdinc++'
/usr/bin/ld: cannot find -ljpeg
clang: error: linker command failed with exit code 1 (use -v to see invocation)
configure:14643: $? = 1
configure: failed program was:
| /* confdefs.h.  */
| #define PACKAGE_NAME "minidjvu"
| #define PACKAGE_TARNAME "minidjvu"
| #define PACKAGE_VERSION "0.8"
| #define PACKAGE_STRING "minidjvu 0.8"
| #define PACKAGE_BUGREPORT "alexios@thessalonica.org.ru"
| #define STDC_HEADERS 1
| #define HAVE_SYS_TYPES_H 1
| #define HAVE_SYS_STAT_H 1
| #define HAVE_STDLIB_H 1
| #define HAVE_STRING_H 1
| #define HAVE_MEMORY_H 1
| #define HAVE_STRINGS_H 1
| #define HAVE_INTTYPES_H 1
| #define HAVE_STDINT_H 1
| #define HAVE_UNISTD_H 1
| #define HAVE_DLFCN_H 1
| #define LT_OBJDIR ".libs/"
| /* end confdefs.h.  */
| 
| /* Override any GCC internal prototype to avoid an error.
|    Use char because int might match the return type of a GCC
|    builtin and then its argument prototype would still apply.  */
| #ifdef __cplusplus
| extern "C"
| #endif
| char jpeg_destroy_decompress ();
| int
| main ()
| {
| return jpeg_destroy_decompress ();
|   ;
|   return 0;
| }
configure:14664: result: no
configure:15066: checking libintl.h usability
configure:15083: /home/lebed/djvu/emscripten/emcc -c   conftest.c >&5
clang: warning: argument unused during compilation: '-nostdinc++'
conftest.c:53:10: fatal error: 'libintl.h' file not found
#include <libintl.h>
         ^
1 error generated.
configure:15090: $? = 1
configure: failed program was:
| /* confdefs.h.  */
| #define PACKAGE_NAME "minidjvu"
| #define PACKAGE_TARNAME "minidjvu"
| #define PACKAGE_VERSION "0.8"
| #define PACKAGE_STRING "minidjvu 0.8"
| #define PACKAGE_BUGREPORT "alexios@thessalonica.org.ru"
| #define STDC_HEADERS 1
| #define HAVE_SYS_TYPES_H 1
| #define HAVE_SYS_STAT_H 1
| #define HAVE_STDLIB_H 1
| #define HAVE_STRING_H 1
| #define HAVE_MEMORY_H 1
| #define HAVE_STRINGS_H 1
| #define HAVE_INTTYPES_H 1
| #define HAVE_STDINT_H 1
| #define HAVE_UNISTD_H 1
| #define HAVE_DLFCN_H 1
| #define LT_OBJDIR ".libs/"
| /* end confdefs.h.  */
| #include <stdio.h>
| #ifdef HAVE_SYS_TYPES_H
| # include <sys/types.h>
| #endif
| #ifdef HAVE_SYS_STAT_H
| # include <sys/stat.h>
| #endif
| #ifdef STDC_HEADERS
| # include <stdlib.h>
| # include <stddef.h>
| #else
| # ifdef HAVE_STDLIB_H
| #  include <stdlib.h>
| # endif
| #endif
| #ifdef HAVE_STRING_H
| # if !defined STDC_HEADERS && defined HAVE_MEMORY_H
| #  include <memory.h>
| # endif
| # include <string.h>
| #endif
| #ifdef HAVE_STRINGS_H
| # include <strings.h>
| #endif
| #ifdef HAVE_INTTYPES_H
| # include <inttypes.h>
| #endif
| #ifdef HAVE_STDINT_H
| # include <stdint.h>
| #endif
| #ifdef HAVE_UNISTD_H
| # include <unistd.h>
| #endif
| #include <libintl.h>
configure:15104: result: no
configure:15108: checking libintl.h presence
configure:15123: /home/lebed/djvu/emscripten/emcc -E  conftest.c
clang: warning: argument unused during compilation: '-nostdinc++'
conftest.c:20:10: fatal error: 'libintl.h' file not found
#include <libintl.h>
         ^
1 error generated.
configure:15130: $? = 1
configure: failed program was:
| /* confdefs.h.  */
| #define PACKAGE_NAME "minidjvu"
| #define PACKAGE_TARNAME "minidjvu"
| #define PACKAGE_VERSION "0.8"
| #define PACKAGE_STRING "minidjvu 0.8"
| #define PACKAGE_BUGREPORT "alexios@thessalonica.org.ru"
| #define STDC_HEADERS 1
| #define HAVE_SYS_TYPES_H 1
| #define HAVE_SYS_STAT_H 1
| #define HAVE_STDLIB_H 1
| #define HAVE_STRING_H 1
| #define HAVE_MEMORY_H 1
| #define HAVE_STRINGS_H 1
| #define HAVE_INTTYPES_H 1
| #define HAVE_STDINT_H 1
| #define HAVE_UNISTD_H 1
| #define HAVE_DLFCN_H 1
| #define LT_OBJDIR ".libs/"
| /* end confdefs.h.  */
| #include <libintl.h>
configure:15144: result: no
configure:15177: checking for libintl.h
configure:15184: result: no
configure:15359: checking for iconv
configure:15415: /home/lebed/djvu/emscripten/emcc -o conftest    conftest.c  >&5
clang: warning: argument unused during compilation: '-nostdinc++'
configure:15422: $? = 0
configure:15442: result: yes
configure:15522: checking for msgfmt
configure:15538: found /usr/bin/msgfmt
configure:15549: result: msgfmt
configure:15603: checking locale.h usability
configure:15620: /home/lebed/djvu/emscripten/emcc -c   conftest.c >&5
clang: warning: argument unused during compilation: '-nostdinc++'
configure:15627: $? = 0
configure:15641: result: yes
configure:15645: checking locale.h presence
configure:15660: /home/lebed/djvu/emscripten/emcc -E  conftest.c
clang: warning: argument unused during compilation: '-nostdinc++'
configure:15667: $? = 0
configure:15681: result: yes
configure:15714: checking for locale.h
configure:15723: result: yes
configure:15592: checking for stdlib.h
configure:15599: result: yes
configure:15592: checking for string.h
configure:15599: result: yes
configure:15752: checking for stdbool.h that conforms to C99
configure:15847: /home/lebed/djvu/emscripten/emcc -c   conftest.c >&5
clang: warning: argument unused during compilation: '-nostdinc++'
configure:15854: $? = 0
configure:15869: result: yes
configure:15871: checking for _Bool
configure:15899: /home/lebed/djvu/emscripten/emcc -c   conftest.c >&5
clang: warning: argument unused during compilation: '-nostdinc++'
configure:15906: $? = 0
configure:15933: /home/lebed/djvu/emscripten/emcc -c   conftest.c >&5
clang: warning: argument unused during compilation: '-nostdinc++'
conftest.c:59:20: error: expected expression
if (sizeof ((_Bool)))
                   ^
1 error generated.
configure:15940: $? = 1
configure: failed program was:
| /* confdefs.h.  */
| #define PACKAGE_NAME "minidjvu"
| #define PACKAGE_TARNAME "minidjvu"
| #define PACKAGE_VERSION "0.8"
| #define PACKAGE_STRING "minidjvu 0.8"
| #define PACKAGE_BUGREPORT "alexios@thessalonica.org.ru"
| #define STDC_HEADERS 1
| #define HAVE_SYS_TYPES_H 1
| #define HAVE_SYS_STAT_H 1
| #define HAVE_STDLIB_H 1
| #define HAVE_STRING_H 1
| #define HAVE_MEMORY_H 1
| #define HAVE_STRINGS_H 1
| #define HAVE_INTTYPES_H 1
| #define HAVE_STDINT_H 1
| #define HAVE_UNISTD_H 1
| #define HAVE_DLFCN_H 1
| #define LT_OBJDIR ".libs/"
| #define HAVE_LOCALE_H 1
| #define HAVE_STDLIB_H 1
| #define HAVE_STRING_H 1
| /* end confdefs.h.  */
| #include <stdio.h>
| #ifdef HAVE_SYS_TYPES_H
| # include <sys/types.h>
| #endif
| #ifdef HAVE_SYS_STAT_H
| # include <sys/stat.h>
| #endif
| #ifdef STDC_HEADERS
| # include <stdlib.h>
| # include <stddef.h>
| #else
| # ifdef HAVE_STDLIB_H
| #  include <stdlib.h>
| # endif
| #endif
| #ifdef HAVE_STRING_H
| # if !defined STDC_HEADERS && defined HAVE_MEMORY_H
| #  include <memory.h>
| # endif
| # include <string.h>
| #endif
| #ifdef HAVE_STRINGS_H
| # include <strings.h>
| #endif
| #ifdef HAVE_INTTYPES_H
| # include <inttypes.h>
| #endif
| #ifdef HAVE_STDINT_H
| # include <stdint.h>
| #endif
| #ifdef HAVE_UNISTD_H
| # include <unistd.h>
| #endif
| int
| main ()
| {
| if (sizeof ((_Bool)))
| 	  return 0;
|   ;
|   return 0;
| }
configure:15963: result: yes
configure:15982: checking for inline
configure:16008: /home/lebed/djvu/emscripten/emcc -c   conftest.c >&5
clang: warning: argument unused during compilation: '-nostdinc++'
configure:16015: $? = 0
configure:16033: result: inline
configure:16052: checking for size_t
configure:16080: /home/lebed/djvu/emscripten/emcc -c   conftest.c >&5
clang: warning: argument unused during compilation: '-nostdinc++'
configure:16087: $? = 0
configure:16114: /home/lebed/djvu/emscripten/emcc -c   conftest.c >&5
clang: warning: argument unused during compilation: '-nostdinc++'
conftest.c:61:21: error: expected expression
if (sizeof ((size_t)))
                    ^
1 error generated.
configure:16121: $? = 1
configure: failed program was:
| /* confdefs.h.  */
| #define PACKAGE_NAME "minidjvu"
| #define PACKAGE_TARNAME "minidjvu"
| #define PACKAGE_VERSION "0.8"
| #define PACKAGE_STRING "minidjvu 0.8"
| #define PACKAGE_BUGREPORT "alexios@thessalonica.org.ru"
| #define STDC_HEADERS 1
| #define HAVE_SYS_TYPES_H 1
| #define HAVE_SYS_STAT_H 1
| #define HAVE_STDLIB_H 1
| #define HAVE_STRING_H 1
| #define HAVE_MEMORY_H 1
| #define HAVE_STRINGS_H 1
| #define HAVE_INTTYPES_H 1
| #define HAVE_STDINT_H 1
| #define HAVE_UNISTD_H 1
| #define HAVE_DLFCN_H 1
| #define LT_OBJDIR ".libs/"
| #define HAVE_LOCALE_H 1
| #define HAVE_STDLIB_H 1
| #define HAVE_STRING_H 1
| #define HAVE__BOOL 1
| #define HAVE_STDBOOL_H 1
| /* end confdefs.h.  */
| #include <stdio.h>
| #ifdef HAVE_SYS_TYPES_H
| # include <sys/types.h>
| #endif
| #ifdef HAVE_SYS_STAT_H
| # include <sys/stat.h>
| #endif
| #ifdef STDC_HEADERS
| # include <stdlib.h>
| # include <stddef.h>
| #else
| # ifdef HAVE_STDLIB_H
| #  include <stdlib.h>
| # endif
| #endif
| #ifdef HAVE_STRING_H
| # if !defined STDC_HEADERS && defined HAVE_MEMORY_H
| #  include <memory.h>
| # endif
| # include <string.h>
| #endif
| #ifdef HAVE_STRINGS_H
| # include <strings.h>
| #endif
| #ifdef HAVE_INTTYPES_H
| # include <inttypes.h>
| #endif
| #ifdef HAVE_STDINT_H
| # include <stdint.h>
| #endif
| #ifdef HAVE_UNISTD_H
| # include <unistd.h>
| #endif
| int
| main ()
| {
| if (sizeof ((size_t)))
| 	  return 0;
|   ;
|   return 0;
| }
configure:16144: result: yes
configure:16172: checking for stdlib.h
configure:16179: result: yes
configure:16318: checking for GNU libc compatible malloc
configure:16352: /home/lebed/djvu/emscripten/emcc -o conftest -g -pipe -Wall -Wshadow -pedantic-errors -Wpointer-arith -Waggregate-return -Wlong-long -Winline -Wredundant-decls -Wcast-qual -Wcast-align   conftest.c  >&5
clang: warning: argument unused during compilation: '-nostdinc++'
configure:16356: $? = 0
configure:16362: ./conftest
configure:16366: $? = 0
configure:16383: result: yes
configure:16416: checking for stdlib.h
configure:16423: result: yes
configure:16562: checking for GNU libc compatible realloc
configure:16596: /home/lebed/djvu/emscripten/emcc -o conftest -g -pipe -Wall -Wshadow -pedantic-errors -Wpointer-arith -Waggregate-return -Wlong-long -Winline -Wredundant-decls -Wcast-qual -Wcast-align   conftest.c  >&5
clang: warning: argument unused during compilation: '-nostdinc++'
configure:16600: $? = 0
configure:16606: ./conftest
configure:16610: $? = 0
configure:16627: result: yes
configure:16663: checking for memset
configure:16719: /home/lebed/djvu/emscripten/emcc -o conftest -g -pipe -Wall -Wshadow -pedantic-errors -Wpointer-arith -Waggregate-return -Wlong-long -Winline -Wredundant-decls -Wcast-qual -Wcast-align   conftest.c  >&5
clang: warning: argument unused during compilation: '-nostdinc++'
conftest.c:52:6: warning: incompatible redeclaration of library function 'memset'
char memset ();
     ^
conftest.c:52:6: note: 'memset' is a builtin with type 'void *(void *, int, unsigned int)'
1 warning generated.
configure:16726: $? = 0
configure:16748: result: yes
configure:16663: checking for pow
configure:16719: /home/lebed/djvu/emscripten/emcc -o conftest -g -pipe -Wall -Wshadow -pedantic-errors -Wpointer-arith -Waggregate-return -Wlong-long -Winline -Wredundant-decls -Wcast-qual -Wcast-align   conftest.c  >&5
clang: warning: argument unused during compilation: '-nostdinc++'
conftest.c:53:6: warning: incompatible redeclaration of library function 'pow'
char pow ();
     ^
conftest.c:53:6: note: 'pow' is a builtin with type 'double (double, double)'
1 warning generated.
/tmp/conftest-M6socb.o: In function `main':
/home/lebed/djvu/minidjvu.js/conftest.c:64: undefined reference to `pow'
clang: error: linker command failed with exit code 1 (use -v to see invocation)
configure:16726: $? = 1
configure: failed program was:
| /* confdefs.h.  */
| #define PACKAGE_NAME "minidjvu"
| #define PACKAGE_TARNAME "minidjvu"
| #define PACKAGE_VERSION "0.8"
| #define PACKAGE_STRING "minidjvu 0.8"
| #define PACKAGE_BUGREPORT "alexios@thessalonica.org.ru"
| #define STDC_HEADERS 1
| #define HAVE_SYS_TYPES_H 1
| #define HAVE_SYS_STAT_H 1
| #define HAVE_STDLIB_H 1
| #define HAVE_STRING_H 1
| #define HAVE_MEMORY_H 1
| #define HAVE_STRINGS_H 1
| #define HAVE_INTTYPES_H 1
| #define HAVE_STDINT_H 1
| #define HAVE_UNISTD_H 1
| #define HAVE_DLFCN_H 1
| #define LT_OBJDIR ".libs/"
| #define HAVE_LOCALE_H 1
| #define HAVE_STDLIB_H 1
| #define HAVE_STRING_H 1
| #define HAVE__BOOL 1
| #define HAVE_STDBOOL_H 1
| #define HAVE_STDLIB_H 1
| #define HAVE_MALLOC 1
| #define HAVE_STDLIB_H 1
| #define HAVE_REALLOC 1
| #define HAVE_MEMSET 1
| /* end confdefs.h.  */
| /* Define pow to an innocuous variant, in case <limits.h> declares pow.
|    For example, HP-UX 11i <limits.h> declares gettimeofday.  */
| #define pow innocuous_pow
| 
| /* System header to define __stub macros and hopefully few prototypes,
|     which can conflict with char pow (); below.
|     Prefer <limits.h> to <assert.h> if __STDC__ is defined, since
|     <limits.h> exists even on freestanding compilers.  */
| 
| #ifdef __STDC__
| # include <limits.h>
| #else
| # include <assert.h>
| #endif
| 
| #undef pow
| 
| /* Override any GCC internal prototype to avoid an error.
|    Use char because int might match the return type of a GCC
|    builtin and then its argument prototype would still apply.  */
| #ifdef __cplusplus
| extern "C"
| #endif
| char pow ();
| /* The GNU C library defines this for functions which it implements
|     to always fail with ENOSYS.  Some functions are actually named
|     something starting with __ and the normal name is an alias.  */
| #if defined __stub_pow || defined __stub___pow
| choke me
| #endif
| 
| int
| main ()
| {
| return pow ();
|   ;
|   return 0;
| }
configure:16748: result: no
configure:16663: checking for setlocale
configure:16719: /home/lebed/djvu/emscripten/emcc -o conftest -g -pipe -Wall -Wshadow -pedantic-errors -Wpointer-arith -Waggregate-return -Wlong-long -Winline -Wredundant-decls -Wcast-qual -Wcast-align   conftest.c  >&5
clang: warning: argument unused during compilation: '-nostdinc++'
configure:16726: $? = 0
configure:16748: result: yes
configure:16663: checking for strcspn
configure:16719: /home/lebed/djvu/emscripten/emcc -o conftest -g -pipe -Wall -Wshadow -pedantic-errors -Wpointer-arith -Waggregate-return -Wlong-long -Winline -Wredundant-decls -Wcast-qual -Wcast-align   conftest.c  >&5
clang: warning: argument unused during compilation: '-nostdinc++'
conftest.c:54:6: warning: incompatible redeclaration of library function 'strcspn'
char strcspn ();
     ^
conftest.c:54:6: note: 'strcspn' is a builtin with type 'unsigned int (const char *, const char *)'
1 warning generated.
configure:16726: $? = 0
configure:16748: result: yes
configure:16663: checking for strrchr
configure:16719: /home/lebed/djvu/emscripten/emcc -o conftest -g -pipe -Wall -Wshadow -pedantic-errors -Wpointer-arith -Waggregate-return -Wlong-long -Winline -Wredundant-decls -Wcast-qual -Wcast-align   conftest.c  >&5
clang: warning: argument unused during compilation: '-nostdinc++'
conftest.c:55:6: warning: incompatible redeclaration of library function 'strrchr'
char strrchr ();
     ^
conftest.c:55:6: note: 'strrchr' is a builtin with type 'char *(const char *, int)'
1 warning generated.
configure:16726: $? = 0
configure:16748: result: yes
configure:16871: creating ./config.status

## ---------------------- ##
## Running config.status. ##
## ---------------------- ##

This file was extended by minidjvu config.status 0.8, which was
generated by GNU Autoconf 2.63.  Invocation command line was

  CONFIG_FILES    = 
  CONFIG_HEADERS  = 
  CONFIG_LINKS    = 
  CONFIG_COMMANDS = 
  $ ./config.status 

on lebed-laptop

config.status:1035: creating Makefile
config.status:1035: creating minidjvu/Makefile
config.status:1035: creating src/Makefile
config.status:1035: creating po/Makefile
config.status:1035: creating config.h
config.status:1251: config.h is unchanged
config.status:1269: executing libtool commands

## ---------------- ##
## Cache variables. ##
## ---------------- ##

ac_cv_build=i686-pc-linux-gnu
ac_cv_c_compiler_gnu=yes
ac_cv_c_inline=inline
ac_cv_cxx_compiler_gnu=yes
ac_cv_env_CCC_set=
ac_cv_env_CCC_value=
ac_cv_env_CC_set=set
ac_cv_env_CC_value=/home/lebed/djvu/emscripten/emcc
ac_cv_env_CFLAGS_set=set
ac_cv_env_CFLAGS_value=
ac_cv_env_CPPFLAGS_set=
ac_cv_env_CPPFLAGS_value=
ac_cv_env_CPP_set=
ac_cv_env_CPP_value=
ac_cv_env_CXXCPP_set=
ac_cv_env_CXXCPP_value=
ac_cv_env_CXXFLAGS_set=
ac_cv_env_CXXFLAGS_value=
ac_cv_env_CXX_set=set
ac_cv_env_CXX_value=/home/lebed/djvu/emscripten/em++
ac_cv_env_LDFLAGS_set=
ac_cv_env_LDFLAGS_value=
ac_cv_env_LIBS_set=
ac_cv_env_LIBS_value=
ac_cv_env_build_alias_set=
ac_cv_env_build_alias_value=
ac_cv_env_host_alias_set=
ac_cv_env_host_alias_value=
ac_cv_env_target_alias_set=
ac_cv_env_target_alias_value=
ac_cv_func_iconv=yes
ac_cv_func_malloc_0_nonnull=yes
ac_cv_func_memset=yes
ac_cv_func_pow=no
ac_cv_func_realloc_0_nonnull=yes
ac_cv_func_setlocale=yes
ac_cv_func_strcspn=yes
ac_cv_func_strrchr=yes
ac_cv_header_dlfcn_h=yes
ac_cv_header_inttypes_h=yes
ac_cv_header_libintl_h=no
ac_cv_header_locale_h=yes
ac_cv_header_memory_h=yes
ac_cv_header_stdbool_h=yes
ac_cv_header_stdc=yes
ac_cv_header_stdint_h=yes
ac_cv_header_stdlib_h=yes
ac_cv_header_string_h=yes
ac_cv_header_strings_h=yes
ac_cv_header_sys_stat_h=yes
ac_cv_header_sys_types_h=yes
ac_cv_header_unistd_h=yes
ac_cv_host=i686-pc-linux-gnu
ac_cv_lib_jpeg_jpeg_destroy_decompress=no
ac_cv_lib_z_inflate=yes
ac_cv_objext=o
ac_cv_path_EGREP='/bin/grep -E'
ac_cv_path_FGREP='/bin/grep -F'
ac_cv_path_GREP=/bin/grep
ac_cv_path_RM=/bin/rm
ac_cv_path_SED=/bin/sed
ac_cv_path_install='/usr/bin/install -c'
ac_cv_prog_CPP='/home/lebed/djvu/emscripten/emcc -E'
ac_cv_prog_CXXCPP='/home/lebed/djvu/emscripten/em++ -E'
ac_cv_prog_MSGFMT=msgfmt
ac_cv_prog_ac_ct_AR=/home/lebed/djvu/emscripten/emar
ac_cv_prog_ac_ct_CC=/home/lebed/djvu/emscripten/emcc
ac_cv_prog_ac_ct_OBJDUMP=objdump
ac_cv_prog_ac_ct_RANLIB=/home/lebed/djvu/emscripten/emranlib
ac_cv_prog_ac_ct_STRIP=strip
ac_cv_prog_cc_c89=
ac_cv_prog_cc_g=yes
ac_cv_prog_cxx_g=yes
ac_cv_prog_make_make_set=yes
ac_cv_type__Bool=yes
ac_cv_type_size_t=yes
lt_cv_deplibs_check_method=pass_all
lt_cv_file_magic_cmd='$MAGIC_CMD'
lt_cv_file_magic_test_file=
lt_cv_ld_reload_flag=-r
lt_cv_nm_interface='BSD nm'
lt_cv_objdir=.libs
lt_cv_path_LD=/usr/bin/ld
lt_cv_path_LDCXX=/usr/bin/ld
lt_cv_path_NM='/usr/bin/nm -B'
lt_cv_prog_compiler_c_o=yes
lt_cv_prog_compiler_c_o_CXX=yes
lt_cv_prog_compiler_pic_works=yes
lt_cv_prog_compiler_pic_works_CXX=yes
lt_cv_prog_compiler_rtti_exceptions=yes
lt_cv_prog_compiler_static_works=yes
lt_cv_prog_compiler_static_works_CXX=yes
lt_cv_prog_gnu_ld=yes
lt_cv_prog_gnu_ldcxx=yes
lt_cv_sys_global_symbol_pipe='sed -n -e '\''s/^.*[	 ]\([ABCDGIRSTW][ABCDGIRSTW]*\)[	 ][	 ]*\([_A-Za-z][_A-Za-z0-9]*\)$/\1 \2 \2/p'\'''
lt_cv_sys_global_symbol_to_c_name_address='sed -n -e '\''s/^: \([^ ]*\) $/  {\"\1\", (void *) 0},/p'\'' -e '\''s/^[ABCDGIRSTW]* \([^ ]*\) \([^ ]*\)$/  {"\2", (void *) \&\2},/p'\'''
lt_cv_sys_global_symbol_to_c_name_address_lib_prefix='sed -n -e '\''s/^: \([^ ]*\) $/  {\"\1\", (void *) 0},/p'\'' -e '\''s/^[ABCDGIRSTW]* \([^ ]*\) \(lib[^ ]*\)$/  {"\2", (void *) \&\2},/p'\'' -e '\''s/^[ABCDGIRSTW]* \([^ ]*\) \([^ ]*\)$/  {"lib\2", (void *) \&\2},/p'\'''
lt_cv_sys_global_symbol_to_cdecl='sed -n -e '\''s/^T .* \(.*\)$/extern int \1();/p'\'' -e '\''s/^[ABCDGIRSTW]* .* \(.*\)$/extern char \1;/p'\'''
lt_cv_sys_max_cmd_len=1572864

## ----------------- ##
## Output variables. ##
## ----------------- ##

AR='/home/lebed/djvu/emscripten/emar'
CC='/home/lebed/djvu/emscripten/emcc'
CFLAGS='-g -pipe -Wall -Wshadow -pedantic-errors -Wpointer-arith -Waggregate-return -Wlong-long -Winline -Wredundant-decls -Wcast-qual -Wcast-align'
CPP='/home/lebed/djvu/emscripten/emcc -E'
CPPFLAGS=''
CXX='/home/lebed/djvu/emscripten/em++'
CXXCPP='/home/lebed/djvu/emscripten/em++ -E'
CXXFLAGS='-g -O2'
DEFS='-DHAVE_CONFIG_H'
DLLFLAGS=''
DSYMUTIL=''
DUMPBIN=''
ECHO_C=''
ECHO_N='-n'
ECHO_T=''
EGREP='/bin/grep -E'
EXEEXT=''
FGREP='/bin/grep -F'
GREP='/bin/grep'
INCS=''
INSTALL_DATA='${INSTALL} -m 644'
INSTALL_PROGRAM='${INSTALL}'
INSTALL_SCRIPT='${INSTALL}'
LD='/usr/bin/ld'
LDFLAGS=''
LIBOBJS=''
LIBRARY_VERSION='0:8'
LIBS=''
LIBTOOL='$(SHELL) $(top_builddir)/libtool'
LIPO=''
LN_S='ln -s'
LTLIBOBJS=''
MSGFMT='msgfmt'
NM='/usr/bin/nm -B'
NMEDIT=''
OBJDUMP='objdump'
OBJEXT='o'
OPTS='-Wmissing-prototypes -Wstrict-prototypes -Wmissing-declarations'
OTOOL64=''
OTOOL=''
PACKAGE_BUGREPORT='alexios@thessalonica.org.ru'
PACKAGE_NAME='minidjvu'
PACKAGE_STRING='minidjvu 0.8'
PACKAGE_TARNAME='minidjvu'
PACKAGE_VERSION='0.8'
PATH_SEPARATOR=':'
PO_YES='#'
RANLIB='/home/lebed/djvu/emscripten/emranlib'
RM='/bin/rm -f'
SED='/bin/sed'
SET_MAKE=''
SHARED_YES=''
SHELL='/bin/bash'
STATIC_YES='#'
STRIP='strip'
ac_ct_CC='/home/lebed/djvu/emscripten/emcc'
ac_ct_CXX=''
ac_ct_DUMPBIN=''
bindir='${exec_prefix}/bin'
build='i686-pc-linux-gnu'
build_alias=''
build_cpu='i686'
build_os='linux-gnu'
build_vendor='pc'
datadir='${datarootdir}'
datarootdir='${prefix}/share'
docdir='${datarootdir}/doc/${PACKAGE_TARNAME}'
dvidir='${docdir}'
exec_prefix='${prefix}'
host='i686-pc-linux-gnu'
host_alias=''
host_cpu='i686'
host_os='linux-gnu'
host_vendor='pc'
htmldir='${docdir}'
includedir='${prefix}/include'
infodir='${datarootdir}/info'
libdir='${exec_prefix}/lib'
libexecdir='${exec_prefix}/libexec'
localedir='${datarootdir}/locale'
localstatedir='${prefix}/var'
lt_ECHO='echo'
mandir='${datarootdir}/man'
mdjvulib='libminidjvu.la'
oext='lo'
oldincludedir='/usr/include'
pdfdir='${docdir}'
prefix='/usr/local'
program_transform_name='s,x,x,'
psdir='${docdir}'
sbindir='${exec_prefix}/sbin'
sharedstatedir='${prefix}/com'
sysconfdir='${prefix}/etc'
target='minidjvu'
target_alias=''

## ----------- ##
## confdefs.h. ##
## ----------- ##

#define PACKAGE_NAME "minidjvu"
#define PACKAGE_TARNAME "minidjvu"
#define PACKAGE_VERSION "0.8"
#define PACKAGE_STRING "minidjvu 0.8"
#define PACKAGE_BUGREPORT "alexios@thessalonica.org.ru"
#define STDC_HEADERS 1
#define HAVE_SYS_TYPES_H 1
#define HAVE_SYS_STAT_H 1
#define HAVE_STDLIB_H 1
#define HAVE_STRING_H 1
#define HAVE_MEMORY_H 1
#define HAVE_STRINGS_H 1
#define HAVE_INTTYPES_H 1
#define HAVE_STDINT_H 1
#define HAVE_UNISTD_H 1
#define HAVE_DLFCN_H 1
#define LT_OBJDIR ".libs/"
#define HAVE_LOCALE_H 1
#define HAVE_STDLIB_H 1
#define HAVE_STRING_H 1
#define HAVE__BOOL 1
#define HAVE_STDBOOL_H 1
#define HAVE_STDLIB_H 1
#define HAVE_MALLOC 1
#define HAVE_STDLIB_H 1
#define HAVE_REALLOC 1
#define HAVE_MEMSET 1
#define HAVE_SETLOCALE 1
#define HAVE_STRCSPN 1
#define HAVE_STRRCHR 1

configure: exit 0
